<?xml version="1.0" encoding="UTF-8"?>
<testng-results skipped="0" failed="0" ignored="0" total="1" passed="1">
  <reporter-output>
  </reporter-output>
  <suite name="Default suite" duration-ms="6809" started-at="2021-12-13T13:33:59 EST" finished-at="2021-12-13T13:34:05 EST">
    <groups>
    </groups>
    <test name="Default test" duration-ms="6809" started-at="2021-12-13T13:33:59 EST" finished-at="2021-12-13T13:34:05 EST">
      <class name="testCases.TC001_LoginLogout">
        <test-method status="PASS" signature="setData()[pri:0, instance:testCases.TC001_LoginLogout@27f723]" name="setData" is-config="true" duration-ms="14" started-at="2021-12-13T13:33:59 EST" finished-at="2021-12-13T13:33:59 EST">
          <reporter-output>
          </reporter-output>
        </test-method> <!-- setData -->
        <test-method status="PASS" signature="login()[pri:0, instance:testCases.TC001_LoginLogout@27f723]" name="login" is-config="true" duration-ms="5518" started-at="2021-12-13T13:34:00 EST" finished-at="2021-12-13T13:34:05 EST">
          <reporter-output>
          </reporter-output>
        </test-method> <!-- login -->
        <test-method status="PASS" signature="LoginLogOut(java.lang.String,java.lang.String)[pri:0, instance:testCases.TC001_LoginLogout@27f723]" name="LoginLogOut" duration-ms="11" started-at="2021-12-13T13:34:05 EST" data-provider="getData" finished-at="2021-12-13T13:34:05 EST">
          <params>
            <param index="0">
              <value>
                <![CDATA[DemoSalesManeger]]>
              </value>
            </param>
            <param index="1">
              <value>
                <![CDATA[crmsfa]]>
              </value>
            </param>
          </params>
          <reporter-output>
          </reporter-output>
        </test-method> <!-- LoginLogOut -->
        <test-method status="PASS" signature="closeBrowser()[pri:0, instance:testCases.TC001_LoginLogout@27f723]" name="closeBrowser" is-config="true" duration-ms="0" started-at="2021-12-13T13:34:05 EST" finished-at="2021-12-13T13:34:05 EST">
          <reporter-output>
          </reporter-output>
        </test-method> <!-- closeBrowser -->
      </class> <!-- testCases.TC001_LoginLogout -->
    </test> <!-- Default test -->
  </suite> <!-- Default suite -->
</testng-results>
